<?xml version="1.0" encoding="UTF-8"?>
<testsuites>
    <testsuite name="force.apex" timestamp="2025-05-23T07:58:42.000Z" hostname="https://vitesse-dev-ed.trailblaze.my.salesforce.com" tests="2" failures="2"  errors="0"  time="0.14">
        <properties>
            <property name="outcome" value="Failed"/>
            <property name="testsRan" value="2"/>
            <property name="passing" value="0"/>
            <property name="failing" value="2"/>
            <property name="skipped" value="0"/>
            <property name="passRate" value="0%"/>
            <property name="failRate" value="100%"/>
            <property name="testStartTime" value="Fri May 23 2025 8:58:42 AM"/>
            <property name="testSetupTimeInMs" value="0"/>
            <property name="testExecutionTime" value="0.14 s"/>
            <property name="testTotalTime" value="0.14 s"/>
            <property name="commandTime" value="0.16 s"/>
            <property name="hostname" value="https://vitesse-dev-ed.trailblaze.my.salesforce.com"/>
            <property name="orgId" value="00Dd200000BXHADEA5"/>
            <property name="username" value="adamalivres19@resourceful-bear-e2htww.com"/>
            <property name="testRunId" value="707d200000D65oo"/>
            <property name="userId" value="005d2000006oujVAAQ"/>
        </properties>
        <testcase name="testStockInsuffisantClosedWon" classname="OpportunityHandlerTest" time="0.11">
            <failure message="System.QueryException: List has no rows for assignment to SObject"><![CDATA[Class.TestDataFactory.createPricebookEntry: line 63, column 1
Class.TestDataFactory.createFullOpportunity: line 138, column 1
Class.OpportunityHandlerTest.testStockInsuffisantClosedWon: line 45, column 1]]></failure>
        </testcase>
        <testcase name="testStockSuffisantClosedWon" classname="OpportunityHandlerTest" time="0.03">
            <failure message="System.QueryException: List has no rows for assignment to SObject"><![CDATA[Class.TestDataFactory.createPricebookEntry: line 63, column 1
Class.TestDataFactory.createFullOpportunity: line 138, column 1
Class.OpportunityHandlerTest.testStockSuffisantClosedWon: line 11, column 1]]></failure>
        </testcase>
    </testsuite>
</testsuites>
